c:\eisen\eisen\bin-int\debug-x64\sandbox\vc143.pdb
c:\eisen\eisen\bin-int\debug-x64\sandbox\vc143.idb
c:\eisen\eisen\bin-int\debug-x64\sandbox\sandbox.obj
c:\eisen\eisen\bin\debug-x64\sandbox\sandbox.lib
c:\eisen\eisen\bin\debug-x64\sandbox\sandbox.exp
c:\eisen\eisen\bin-int\debug-x64\sandbox\sandbox.ilk
c:\eisen\eisen\bin\debug-x64\sandbox\sandbox.pdb
c:\eisen\eisen\bin-int\debug-x64\sandbox\sandbox.vcxproj.filelistabsolute.txt
c:\eisen\eisen\bin-int\debug-x64\sandbox\sandbox.tlog\cl.command.1.tlog
c:\eisen\eisen\bin-int\debug-x64\sandbox\sandbox.tlog\cl.items.tlog
c:\eisen\eisen\bin-int\debug-x64\sandbox\sandbox.tlog\cl.read.1.tlog
c:\eisen\eisen\bin-int\debug-x64\sandbox\sandbox.tlog\cl.write.1.tlog
c:\eisen\eisen\bin-int\debug-x64\sandbox\sandbox.tlog\link-cvtres.read.1.tlog
c:\eisen\eisen\bin-int\debug-x64\sandbox\sandbox.tlog\link-cvtres.write.1.tlog
c:\eisen\eisen\bin-int\debug-x64\sandbox\sandbox.tlog\link-rc.read.1.tlog
c:\eisen\eisen\bin-int\debug-x64\sandbox\sandbox.tlog\link-rc.write.1.tlog
c:\eisen\eisen\bin-int\debug-x64\sandbox\sandbox.tlog\link.13952-cvtres.read.1.tlog
c:\eisen\eisen\bin-int\debug-x64\sandbox\sandbox.tlog\link.13952-cvtres.write.1.tlog
c:\eisen\eisen\bin-int\debug-x64\sandbox\sandbox.tlog\link.13952-rc.read.1.tlog
c:\eisen\eisen\bin-int\debug-x64\sandbox\sandbox.tlog\link.13952-rc.write.1.tlog
c:\eisen\eisen\bin-int\debug-x64\sandbox\sandbox.tlog\link.13952.read.1.tlog
c:\eisen\eisen\bin-int\debug-x64\sandbox\sandbox.tlog\link.13952.read.2.tlog
c:\eisen\eisen\bin-int\debug-x64\sandbox\sandbox.tlog\link.13952.read.3.tlog
c:\eisen\eisen\bin-int\debug-x64\sandbox\sandbox.tlog\link.13952.read.4.tlog
c:\eisen\eisen\bin-int\debug-x64\sandbox\sandbox.tlog\link.13952.write.1.tlog
c:\eisen\eisen\bin-int\debug-x64\sandbox\sandbox.tlog\link.command.1.tlog
c:\eisen\eisen\bin-int\debug-x64\sandbox\sandbox.tlog\link.read.1.tlog
c:\eisen\eisen\bin-int\debug-x64\sandbox\sandbox.tlog\link.read.2.tlog
c:\eisen\eisen\bin-int\debug-x64\sandbox\sandbox.tlog\link.read.3.tlog
c:\eisen\eisen\bin-int\debug-x64\sandbox\sandbox.tlog\link.read.4.tlog
c:\eisen\eisen\bin-int\debug-x64\sandbox\sandbox.tlog\link.secondary.1.tlog
c:\eisen\eisen\bin-int\debug-x64\sandbox\sandbox.tlog\link.write.1.tlog
